{
  "stats": {
    "suites": 1,
    "tests": 8,
    "passes": 7,
    "pending": 0,
    "failures": 1,
    "start": "2022-09-06T08:36:26.563Z",
    "end": "2022-09-06T08:36:44.009Z",
    "duration": 17446,
    "testsRegistered": 8,
    "passPercent": 87.5,
    "pendingPercent": 0,
    "other": 0,
    "hasOther": false,
    "skipped": 0,
    "hasSkipped": false
  },
  "results": [
    {
      "uuid": "753bb391-eea0-4971-818f-add3073a8214",
      "title": "",
      "fullFile": "cypress/integration/login.spec.js",
      "file": "cypress/integration/login.spec.js",
      "beforeHooks": [],
      "afterHooks": [],
      "tests": [],
      "suites": [
        {
          "uuid": "5e74dd30-ea84-4002-aa79-c0356915fa34",
          "title": "Login page",
          "fullFile": "",
          "file": "",
          "beforeHooks": [],
          "afterHooks": [],
          "tests": [
            {
              "title": "should containe title \"AQA internship Login\"",
              "fullTitle": "Login page should containe title \"AQA internship Login\"",
              "timedOut": null,
              "duration": 2558,
              "state": "passed",
              "speed": "slow",
              "pass": true,
              "fail": false,
              "pending": false,
              "context": null,
              "code": "cy.get('h1').should('contain.text', 'AQA internship Login');",
              "err": {},
              "uuid": "ff37b810-7ca5-4f8f-b198-c57cb11de767",
              "parentUUID": "5e74dd30-ea84-4002-aa79-c0356915fa34",
              "isHook": false,
              "skipped": false
            },
            {
              "title": "should containе a \"logomini\"",
              "fullTitle": "Login page should containе a \"logomini\"",
              "timedOut": null,
              "duration": 686,
              "state": "passed",
              "speed": "slow",
              "pass": true,
              "fail": false,
              "pending": false,
              "context": null,
              "code": "_loginObjects.default.logomini.should('exist');",
              "err": {},
              "uuid": "ba022ebf-c11e-486d-bf93-6b5addb7582e",
              "parentUUID": "5e74dd30-ea84-4002-aa79-c0356915fa34",
              "isHook": false,
              "skipped": false
            },
            {
              "title": "should containе a \"wrapper\"",
              "fullTitle": "Login page should containе a \"wrapper\"",
              "timedOut": null,
              "duration": 489,
              "state": "passed",
              "speed": "slow",
              "pass": true,
              "fail": false,
              "pending": false,
              "context": null,
              "code": "_loginObjects.default.wrapper.should('exist');",
              "err": {},
              "uuid": "15e092be-c0d1-406c-8a5c-5ba282dbc15d",
              "parentUUID": "5e74dd30-ea84-4002-aa79-c0356915fa34",
              "isHook": false,
              "skipped": false
            },
            {
              "title": "should display an error message \"Please enter your username\" and \"Please enter \n        your password\" if the user has not completed any fields and clicked [Login]",
              "fullTitle": "Login page should display an error message \"Please enter your username\" and \"Please enter \n        your password\" if the user has not completed any fields and clicked [Login]",
              "timedOut": null,
              "duration": 1146,
              "state": "passed",
              "speed": "slow",
              "pass": true,
              "fail": false,
              "pending": false,
              "context": null,
              "code": "_loginObjects.default.getLoginBtn.click();\n_loginObjects.default.staySamePage;\n_loginObjects.default.errorMessage.should('contain.text', 'Please enter username.').should('contain.text', 'Please enter your password.');",
              "err": {},
              "uuid": "9678906b-16d4-4493-a068-19f36b29c789",
              "parentUUID": "5e74dd30-ea84-4002-aa79-c0356915fa34",
              "isHook": false,
              "skipped": false
            },
            {
              "title": "an error message \"Please enter your password\" should appear if the user\n        did not fill in the \"Password\" field and clicked [Login]",
              "fullTitle": "Login page an error message \"Please enter your password\" should appear if the user\n        did not fill in the \"Password\" field and clicked [Login]",
              "timedOut": null,
              "duration": 1376,
              "state": "passed",
              "speed": "slow",
              "pass": true,
              "fail": false,
              "pending": false,
              "context": null,
              "code": "_loginObjects.default.usernameField.type(Cypress.env('username'));\n_loginObjects.default.getLoginBtn.click();\n_loginObjects.default.staySamePage;\n_loginObjects.default.errorMessage.should('contain.text', 'Please enter your password.');",
              "err": {},
              "uuid": "9abada46-4f58-4e59-a13f-1b0dec7030a7",
              "parentUUID": "5e74dd30-ea84-4002-aa79-c0356915fa34",
              "isHook": false,
              "skipped": false
            },
            {
              "title": "an error message \"Please enter username\" should appear if the user \n        did not fill in the \"Username\" field and clicked [Login]",
              "fullTitle": "Login page an error message \"Please enter username\" should appear if the user \n        did not fill in the \"Username\" field and clicked [Login]",
              "timedOut": null,
              "duration": 1526,
              "state": "passed",
              "speed": "slow",
              "pass": true,
              "fail": false,
              "pending": false,
              "context": null,
              "code": "_loginObjects.default.passwordField.type(Cypress.env('password'));\n_loginObjects.default.getLoginBtn.click();\n_loginObjects.default.staySamePage;\n_loginObjects.default.errorMessage.should('contain.text', 'Please enter username.');",
              "err": {},
              "uuid": "a178a31f-08e3-478e-90cc-d0d3b055eea8",
              "parentUUID": "5e74dd30-ea84-4002-aa79-c0356915fa34",
              "isHook": false,
              "skipped": false
            },
            {
              "title": "an error message \"No account found with that username\" should appear \n        if the user entered unregistered user details and clicked [Login]",
              "fullTitle": "Login page an error message \"No account found with that username\" should appear \n        if the user entered unregistered user details and clicked [Login]",
              "timedOut": null,
              "duration": 1605,
              "state": "passed",
              "speed": "slow",
              "pass": true,
              "fail": false,
              "pending": false,
              "context": null,
              "code": "_loginObjects.default.usernameField.type(Cypress.env('username'));\n_loginObjects.default.passwordField.type(Cypress.env('password'));\n_loginObjects.default.getLoginBtn.click();\n_loginObjects.default.staySamePage;\n_loginObjects.default.errorMessage.should('contain.text', 'No account found with that username.');",
              "err": {},
              "uuid": "57d8e50a-1f4d-41d5-ae8a-6f4e35a70c57",
              "parentUUID": "5e74dd30-ea84-4002-aa79-c0356915fa34",
              "isHook": false,
              "skipped": false
            },
            {
              "title": "The url of the new page must be different from the url of the Login page after a failed login",
              "fullTitle": "Login page The url of the new page must be different from the url of the Login page after a failed login",
              "timedOut": null,
              "duration": 7076,
              "state": "failed",
              "speed": null,
              "pass": false,
              "fail": true,
              "pending": false,
              "context": null,
              "code": "_loginObjects.default.usernameField.type(Cypress.env('username'));\n_loginObjects.default.passwordField.type(Cypress.env('password'));\n_loginObjects.default.getLoginBtn.click();\n_loginObjects.default.passwordField.type('{enter}');\n_loginObjects.default.staySamePage;\n_loginObjects.default.errorMessage.should('contain.text', 'No account found with that username.');\ncy.url().should('not.include', '/qa-portal/registerlogin/registerlogin.php');",
              "err": {
                "message": "AssertionError: Timed out retrying after 4000ms: expected '<span.help-block>' to contain text 'No account found with that username.', but the text was 'Please enter your password.'",
                "estack": "AssertionError: Timed out retrying after 4000ms: expected '<span.help-block>' to contain text 'No account found with that username.', but the text was 'Please enter your password.'\n    at Context.eval (https://www.pecodesoftware.com/__cypress/tests?p=cypress/integration/login.spec.js:188:40)",
                "diff": "- 'Please enter your password.'\n+ 'No account found with that username.'\n"
              },
              "uuid": "d9f739e1-d715-4b8a-9f45-222794e6bdc9",
              "parentUUID": "5e74dd30-ea84-4002-aa79-c0356915fa34",
              "isHook": false,
              "skipped": false
            }
          ],
          "suites": [],
          "passes": [
            "ff37b810-7ca5-4f8f-b198-c57cb11de767",
            "ba022ebf-c11e-486d-bf93-6b5addb7582e",
            "15e092be-c0d1-406c-8a5c-5ba282dbc15d",
            "9678906b-16d4-4493-a068-19f36b29c789",
            "9abada46-4f58-4e59-a13f-1b0dec7030a7",
            "a178a31f-08e3-478e-90cc-d0d3b055eea8",
            "57d8e50a-1f4d-41d5-ae8a-6f4e35a70c57"
          ],
          "failures": [
            "d9f739e1-d715-4b8a-9f45-222794e6bdc9"
          ],
          "pending": [],
          "skipped": [],
          "duration": 16462,
          "root": false,
          "rootEmpty": false,
          "_timeout": 2000
        }
      ],
      "passes": [],
      "failures": [],
      "pending": [],
      "skipped": [],
      "duration": 0,
      "root": true,
      "rootEmpty": true,
      "_timeout": 2000
    }
  ],
  "meta": {
    "mocha": {
      "version": "7.0.1"
    },
    "mochawesome": {
      "options": {
        "quiet": false,
        "reportFilename": "mochawesome",
        "saveHtml": true,
        "saveJson": true,
        "consoleReporter": "spec",
        "useInlineDiffs": false,
        "code": true
      },
      "version": "7.1.3"
    },
    "marge": {
      "options": {
        "reportDir": "cypress/results",
        "overwrite": false,
        "html": true,
        "json": true
      },
      "version": "6.2.0"
    }
  }
}